# JRE version: OpenJDK Runtime Environment (11.0.2+9) (build 11.0.2+9)
# Java VM: OpenJDK 64-Bit Server VM (11.0.2+9, mixed mode, tiered, compressed oops, g1 gc, windows-amd64)
Heap:
 garbage-first heap   total 258048K, used 48566K [0x0000000704000000, 0x0000000800000000)
  region size 1024K, 30 young (30720K), 3 survivors (3072K)
 Metaspace       used 18908K, capacity 19454K, committed 19584K, reserved 1067008K
  class space    used 1910K, capacity 2153K, committed 2176K, reserved 1048576K
GC Heap History (6 events):
Event: 7.011 GC heap before
{Heap before GC invocations=0 (full 0):
 garbage-first heap   total 258048K, used 14336K [0x0000000704000000, 0x0000000800000000)
  region size 1024K, 14 young (14336K), 0 survivors (0K)
 Metaspace       used 12898K, capacity 13274K, committed 13568K, reserved 1060864K
  class space    used 1300K, capacity 1451K, committed 1536K, reserved 1048576K
}
Event: 7.019 GC heap after
{Heap after GC invocations=1 (full 0):
 garbage-first heap   total 258048K, used 4093K [0x0000000704000000, 0x0000000800000000)
  region size 1024K, 2 young (2048K), 2 survivors (2048K)
 Metaspace       used 12898K, capacity 13274K, committed 13568K, reserved 1060864K
  class space    used 1300K, capacity 1451K, committed 1536K, reserved 1048576K
}
Event: 7.378 GC heap before
{Heap before GC invocations=1 (full 0):
 garbage-first heap   total 258048K, used 19453K [0x0000000704000000, 0x0000000800000000)
  region size 1024K, 12 young (12288K), 2 survivors (2048K)
 Metaspace       used 16663K, capacity 17201K, committed 17408K, reserved 1064960K
  class space    used 1731K, capacity 1959K, committed 2048K, reserved 1048576K
}
Event: 7.381 GC heap after
{Heap after GC invocations=2 (full 0):
 garbage-first heap   total 258048K, used 10211K [0x0000000704000000, 0x0000000800000000)
  region size 1024K, 1 young (1024K), 1 survivors (1024K)
 Metaspace       used 16663K, capacity 17201K, committed 17408K, reserved 1064960K
  class space    used 1731K, capacity 1959K, committed 2048K, reserved 1048576K
}
Event: 14.613 GC heap before
{Heap before GC invocations=2 (full 0):
 garbage-first heap   total 258048K, used 48099K [0x0000000704000000, 0x0000000800000000)
  region size 1024K, 28 young (28672K), 1 survivors (1024K)
 Metaspace       used 18858K, capacity 19452K, committed 19584K, reserved 1067008K
  class space    used 1908K, capacity 2153K, committed 2176K, reserved 1048576K
}
Event: 14.620 GC heap after
{Heap after GC invocations=3 (full 0):
 garbage-first heap   total 258048K, used 21942K [0x0000000704000000, 0x0000000800000000)
  region size 1024K, 3 young (3072K), 3 survivors (3072K)
 Metaspace       used 18858K, capacity 19452K, committed 19584K, reserved 1067008K
  class space    used 1908K, capacity 2153K, committed 2176K, reserved 1048576K
}

